This is XeTeX, Version 3.141592653-2.6-0.999994 (TeX Live 2022) (preloaded format=xelatex 2022.9.1)  10 MAR 2023 12:21
entering extended mode
 restricted \write18 enabled.
 %&-line parsing enabled.
**resume.tex
(./resume.tex
LaTeX2e <2022-06-01> patch level 5
L3 programming layer <2022-08-30> (./awesome-cv.cls
Document Class: awesome-cv 2017/02/05 v1.6.1 Awesome Curriculum Vitae Class
(/usr/local/texlive/2022/texmf-dist/tex/latex/base/article.cls
Document Class: article 2021/10/04 v1.4n Standard LaTeX document class
(/usr/local/texlive/2022/texmf-dist/tex/latex/base/size11.clo
File: size11.clo 2021/10/04 v1.4n Standard LaTeX file (size option)
)
\c@part=\count181
\c@section=\count182
\c@subsection=\count183
\c@subsubsection=\count184
\c@paragraph=\count185
\c@subparagraph=\count186
\c@figure=\count187
\c@table=\count188
\abovecaptionskip=\skip47
\belowcaptionskip=\skip48
\bibindent=\dimen138
)
(/usr/local/texlive/2022/texmf-dist/tex/latex/tools/array.sty
Package: array 2022/03/10 v2.5f Tabular extension package (FMi)
\col@sep=\dimen139
\ar@mcellbox=\box51
\extrarowheight=\dimen140
\NC@list=\toks16
\extratabsurround=\skip49
\backup@length=\skip50
\ar@cellbox=\box52
)
(/usr/local/texlive/2022/texmf-dist/tex/latex/enumitem/enumitem.sty
Package: enumitem 2019/06/20 v3.9 Customized lists
\enitkv@toks@=\toks17
\labelindent=\skip51
\enit@outerparindent=\dimen141
\enit@toks=\toks18
\enit@inbox=\box53
\enit@count@id=\count189
\enitdp@description=\count190
)
(/usr/local/texlive/2022/texmf-dist/tex/latex/ragged2e/ragged2e.sty
Package: ragged2e 2021/12/15 v3.1 ragged2e Package
\CenteringLeftskip=\skip52
\RaggedLeftLeftskip=\skip53
\RaggedRightLeftskip=\skip54
\CenteringRightskip=\skip55
\RaggedLeftRightskip=\skip56
\RaggedRightRightskip=\skip57
\CenteringParfillskip=\skip58
\RaggedLeftParfillskip=\skip59
\RaggedRightParfillskip=\skip60
\JustifyingParfillskip=\skip61
\CenteringParindent=\skip62
\RaggedLeftParindent=\skip63
\RaggedRightParindent=\skip64
\JustifyingParindent=\skip65
)
(/usr/local/texlive/2022/texmf-dist/tex/latex/geometry/geometry.sty
Package: geometry 2020/01/02 v5.9 Page Geometry

(/usr/local/texlive/2022/texmf-dist/tex/latex/graphics/keyval.sty
Package: keyval 2022/05/29 v1.15 key=value parser (DPC)
\KV@toks@=\toks19
)
(/usr/local/texlive/2022/texmf-dist/tex/generic/iftex/ifvtex.sty
Package: ifvtex 2019/10/25 v1.7 ifvtex legacy package. Use iftex instead.

(/usr/local/texlive/2022/texmf-dist/tex/generic/iftex/iftex.sty
Package: iftex 2022/02/03 v1.0f TeX engine tests
))
\Gm@cnth=\count191
\Gm@cntv=\count192
\c@Gm@tempcnt=\count193
\Gm@bindingoffset=\dimen142
\Gm@wd@mp=\dimen143
\Gm@odd@mp=\dimen144
\Gm@even@mp=\dimen145
\Gm@layoutwidth=\dimen146
\Gm@layoutheight=\dimen147
\Gm@layouthoffset=\dimen148
\Gm@layoutvoffset=\dimen149
\Gm@dimlist=\toks20
)
(/usr/local/texlive/2022/texmf-dist/tex/latex/fancyhdr/fancyhdr.sty
Package: fancyhdr 2022/05/18 v4.0.3 Extensive control of page headers and foote
rs
\f@nch@headwidth=\skip66
\f@nch@O@elh=\skip67
\f@nch@O@erh=\skip68
\f@nch@O@olh=\skip69
\f@nch@O@orh=\skip70
\f@nch@O@elf=\skip71
\f@nch@O@erf=\skip72
\f@nch@O@olf=\skip73
\f@nch@O@orf=\skip74
)
(/usr/local/texlive/2022/texmf-dist/tex/latex/xcolor/xcolor.sty
Package: xcolor 2022/06/12 v2.14 LaTeX color extensions (UK)

(/usr/local/texlive/2022/texmf-dist/tex/latex/graphics-cfg/color.cfg
File: color.cfg 2016/01/02 v1.6 sample color configuration
)
Package xcolor Info: Driver file: xetex.def on input line 227.

(/usr/local/texlive/2022/texmf-dist/tex/latex/graphics-def/xetex.def
File: xetex.def 2022/04/16 v5.0m Graphics/color driver for xetex
)
(/usr/local/texlive/2022/texmf-dist/tex/latex/graphics/mathcolor.ltx)
Package xcolor Info: Model `cmy' substituted by `cmy0' on input line 1353.
Package xcolor Info: Model `RGB' extended on input line 1369.
Package xcolor Info: Model `HTML' substituted by `rgb' on input line 1371.
Package xcolor Info: Model `Hsb' substituted by `hsb' on input line 1372.
Package xcolor Info: Model `tHsb' substituted by `hsb' on input line 1373.
Package xcolor Info: Model `HSB' substituted by `hsb' on input line 1374.
Package xcolor Info: Model `Gray' substituted by `gray' on input line 1375.
Package xcolor Info: Model `wave' substituted by `hsb' on input line 1376.
)
(/usr/local/texlive/2022/texmf-dist/tex/generic/iftex/ifxetex.sty
Package: ifxetex 2019/10/25 v0.7 ifxetex legacy package. Use iftex instead.
)
(/usr/local/texlive/2022/texmf-dist/tex/latex/xifthen/xifthen.sty
Package: xifthen 2015/11/05 v1.4.0 Extended ifthen features

(/usr/local/texlive/2022/texmf-dist/tex/latex/tools/calc.sty
Package: calc 2017/05/25 v4.3 Infix arithmetic (KKT,FJ)
\calc@Acount=\count194
\calc@Bcount=\count195
\calc@Adimen=\dimen150
\calc@Bdimen=\dimen151
\calc@Askip=\skip75
\calc@Bskip=\skip76
LaTeX Info: Redefining \setlength on input line 80.
LaTeX Info: Redefining \addtolength on input line 81.
\calc@Ccount=\count196
\calc@Cskip=\skip77
)
(/usr/local/texlive/2022/texmf-dist/tex/latex/base/ifthen.sty
Package: ifthen 2022/04/13 v1.1d Standard LaTeX ifthen package (DPC)
)
(/usr/local/texlive/2022/texmf-dist/tex/latex/ifmtarg/ifmtarg.sty
Package: ifmtarg 2018/04/16 v1.2b check for an empty argument
))
(/usr/local/texlive/2022/texmf-dist/tex/latex/etoolbox/etoolbox.sty
Package: etoolbox 2020/10/05 v2.5k e-TeX tools for LaTeX (JAW)
\etb@tempcnta=\count197
)
(/usr/local/texlive/2022/texmf-dist/tex/latex/setspace/setspace.sty
Package: setspace 2011/12/19 v6.7a set line spacing
)
(/usr/local/texlive/2022/texmf-dist/tex/latex/fontspec/fontspec.sty
(/usr/local/texlive/2022/texmf-dist/tex/latex/l3packages/xparse/xparse.sty
(/usr/local/texlive/2022/texmf-dist/tex/latex/l3kernel/expl3.sty
Package: expl3 2022-08-30 L3 programming layer (loader) 

(/usr/local/texlive/2022/texmf-dist/tex/latex/l3backend/l3backend-xetex.def
File: l3backend-xetex.def 2022-08-30 L3 backend support: XeTeX
\g__graphics_track_int=\count198
\l__pdf_internal_box=\box54
\g__pdf_backend_object_int=\count199
\g__pdf_backend_annotation_int=\count266
\g__pdf_backend_link_int=\count267
))
Package: xparse 2022-06-22 L3 Experimental document command parser
)
Package: fontspec 2022/01/15 v2.8a Font selection for XeLaTeX and LuaLaTeX

(/usr/local/texlive/2022/texmf-dist/tex/latex/fontspec/fontspec-xetex.sty
Package: fontspec-xetex 2022/01/15 v2.8a Font selection for XeLaTeX and LuaLaTe
X
\l__fontspec_script_int=\count268
\l__fontspec_language_int=\count269
\l__fontspec_strnum_int=\count270
\l__fontspec_tmp_int=\count271
\l__fontspec_tmpa_int=\count272
\l__fontspec_tmpb_int=\count273
\l__fontspec_tmpc_int=\count274
\l__fontspec_em_int=\count275
\l__fontspec_emdef_int=\count276
\l__fontspec_strong_int=\count277
\l__fontspec_strongdef_int=\count278
\l__fontspec_tmpa_dim=\dimen152
\l__fontspec_tmpb_dim=\dimen153
\l__fontspec_tmpc_dim=\dimen154

(/usr/local/texlive/2022/texmf-dist/tex/latex/base/fontenc.sty
Package: fontenc 2021/04/29 v2.0v Standard LaTeX package
)
(/usr/local/texlive/2022/texmf-dist/tex/latex/fontspec/fontspec.cfg)))
(/usr/local/texlive/2022/texmf-dist/tex/latex/unicode-math/unicode-math.sty
Package: unicode-math 2020/01/31 v0.8q Unicode maths in XeLaTeX and LuaLaTeX

(/usr/local/texlive/2022/texmf-dist/tex/latex/unicode-math/unicode-math-xetex.s
ty
Package: unicode-math-xetex 2020/01/31 v0.8q Unicode maths in XeLaTeX and LuaLa
TeX

(/usr/local/texlive/2022/texmf-dist/tex/latex/l3packages/l3keys2e/l3keys2e.sty
Package: l3keys2e 2022-06-22 LaTeX2e option processing using LaTeX3 keys
) (/usr/local/texlive/2022/texmf-dist/tex/latex/base/fix-cm.sty
Package: fix-cm 2020/11/24 v1.1t fixes to LaTeX

(/usr/local/texlive/2022/texmf-dist/tex/latex/base/ts1enc.def
File: ts1enc.def 2001/06/05 v3.0e (jk/car/fm) Standard LaTeX file
LaTeX Font Info:    Redeclaring font encoding TS1 on input line 47.
))
(/usr/local/texlive/2022/texmf-dist/tex/latex/amsmath/amsmath.sty
Package: amsmath 2022/04/08 v2.17n AMS math features
\@mathmargin=\skip78

For additional information on amsmath, use the `?' option.
(/usr/local/texlive/2022/texmf-dist/tex/latex/amsmath/amstext.sty
Package: amstext 2021/08/26 v2.01 AMS text

(/usr/local/texlive/2022/texmf-dist/tex/latex/amsmath/amsgen.sty
File: amsgen.sty 1999/11/30 v2.0 generic functions
\@emptytoks=\toks21
\ex@=\dimen155
))
(/usr/local/texlive/2022/texmf-dist/tex/latex/amsmath/amsbsy.sty
Package: amsbsy 1999/11/29 v1.2d Bold Symbols
\pmbraise@=\dimen156
)
(/usr/local/texlive/2022/texmf-dist/tex/latex/amsmath/amsopn.sty
Package: amsopn 2022/04/08 v2.04 operator names
)
\inf@bad=\count279
LaTeX Info: Redefining \frac on input line 234.
\uproot@=\count280
\leftroot@=\count281
LaTeX Info: Redefining \overline on input line 399.
LaTeX Info: Redefining \colon on input line 410.
\classnum@=\count282
\DOTSCASE@=\count283
LaTeX Info: Redefining \ldots on input line 496.
LaTeX Info: Redefining \dots on input line 499.
LaTeX Info: Redefining \cdots on input line 620.
\Mathstrutbox@=\box55
\strutbox@=\box56
LaTeX Info: Redefining \big on input line 722.
LaTeX Info: Redefining \Big on input line 723.
LaTeX Info: Redefining \bigg on input line 724.
LaTeX Info: Redefining \Bigg on input line 725.
\big@size=\dimen157
LaTeX Font Info:    Redeclaring font encoding OML on input line 743.
LaTeX Font Info:    Redeclaring font encoding OMS on input line 744.
\macc@depth=\count284
LaTeX Info: Redefining \bmod on input line 905.
LaTeX Info: Redefining \pmod on input line 910.
LaTeX Info: Redefining \smash on input line 940.
LaTeX Info: Redefining \relbar on input line 970.
LaTeX Info: Redefining \Relbar on input line 971.
\c@MaxMatrixCols=\count285
\dotsspace@=\muskip16
\c@parentequation=\count286
\dspbrk@lvl=\count287
\tag@help=\toks22
\row@=\count288
\column@=\count289
\maxfields@=\count290
\andhelp@=\toks23
\eqnshift@=\dimen158
\alignsep@=\dimen159
\tagshift@=\dimen160
\tagwidth@=\dimen161
\totwidth@=\dimen162
\lineht@=\dimen163
\@envbody=\toks24
\multlinegap=\skip79
\multlinetaggap=\skip80
\mathdisplay@stack=\toks25
LaTeX Info: Redefining \[ on input line 2953.
LaTeX Info: Redefining \] on input line 2954.
)
\g__um_fam_int=\count291
\g__um_fonts_used_int=\count292
\l__um_primecount_int=\count293
\g__um_primekern_muskip=\muskip17

(/usr/local/texlive/2022/texmf-dist/tex/latex/unicode-math/unicode-math-table.t
ex)))
(/usr/local/texlive/2022/texmf-dist/tex/latex/fontawesome5/fontawesome5.sty
Package: fontawesome5 2022/05/02 v5.15.4 Font Awesome 5

(/usr/local/texlive/2022/texmf-dist/tex/latex/fontawesome5/fontawesome5-utex-he
lper.sty
Package: fontawesome5-utex-helper 2022/05/02 v5.15.4 uTeX helper for fontawesom
e5
LaTeX Font Info:    Trying to load font information for TU+fontawesomefree on i
nput line 69.

(/usr/local/texlive/2022/texmf-dist/tex/latex/fontawesome5/tufontawesomefree.fd
)
LaTeX Font Info:    Trying to load font information for TU+fontawesomebrands on
 input line 70.

(/usr/local/texlive/2022/texmf-dist/tex/latex/fontawesome5/tufontawesomebrands.
fd))) (/usr/local/texlive/2022/texmf-dist/tex/latex/roboto/roboto.sty
Package: roboto 2019/12/11 (Bob Tennent) Supports Roboto fonts for all LaTeX en
gines.

(/usr/local/texlive/2022/texmf-dist/tex/generic/iftex/ifluatex.sty
Package: ifluatex 2019/10/25 v1.5 ifluatex legacy package. Use iftex instead.
)
(/usr/local/texlive/2022/texmf-dist/tex/latex/xkeyval/xkeyval.sty
Package: xkeyval 2022/06/16 v2.9 package option processing (HA)

(/usr/local/texlive/2022/texmf-dist/tex/generic/xkeyval/xkeyval.tex
(/usr/local/texlive/2022/texmf-dist/tex/generic/xkeyval/xkvutils.tex
\XKV@toks=\toks26
\XKV@tempa@toks=\toks27
)
\XKV@depth=\count294
File: xkeyval.tex 2014/12/03 v2.7a key=value parser (HA)
))
(/usr/local/texlive/2022/texmf-dist/tex/latex/base/textcomp.sty
Package: textcomp 2020/02/02 v2.0n Standard LaTeX package
)
Requested font "[Roboto-Regular.otf]/OT" at 10.94997pt
 -> /usr/local/texlive/2022/texmf-dist/fonts/opentype/google/roboto/Roboto-Regu
lar.otf
Requested font "[Roboto-Regular.otf]/OT" at 10.95003pt
 -> /usr/local/texlive/2022/texmf-dist/fonts/opentype/google/roboto/Roboto-Regu
lar.otf
Requested font "[Roboto-Regular.otf]/OT:script=latn;language=dflt;" at 10.95003
pt
 -> /usr/local/texlive/2022/texmf-dist/fonts/opentype/google/roboto/Roboto-Regu
lar.otf
Requested font "[Roboto-Bold.otf]/OT:script=latn;language=dflt;" at 10.95003pt
 -> /usr/local/texlive/2022/texmf-dist/fonts/opentype/google/roboto/Roboto-Bold
.otf
Requested font "[Roboto-Italic.otf]/OT:script=latn;language=dflt;" at 10.95003p
t
 -> /usr/local/texlive/2022/texmf-dist/fonts/opentype/google/roboto/Roboto-Ital
ic.otf
Requested font "[Roboto-BoldItalic.otf]/OT:script=latn;language=dflt;" at 10.95
003pt
 -> /usr/local/texlive/2022/texmf-dist/fonts/opentype/google/roboto/Roboto-Bold
Italic.otf
LaTeX Font Info:    Overwriting math alphabet `\mathsf' in version `normal'
(Font)                  OT1/cmss/m/n --> TU/Roboto(1)/m/n on input line 151.
LaTeX Font Info:    Overwriting math alphabet `\mathsf' in version `bold'
(Font)                  OT1/cmss/bx/n --> TU/Roboto(1)/bx/n on input line 151.
Requested font "[RobotoCondensed-Regular.otf]/OT" at 10.94997pt
 -> /usr/local/texlive/2022/texmf-dist/fonts/opentype/google/roboto/RobotoConde
nsed-Regular.otf
Requested font "[RobotoCondensed-Regular.otf]/OT" at 10.95003pt
 -> /usr/local/texlive/2022/texmf-dist/fonts/opentype/google/roboto/RobotoConde
nsed-Regular.otf
Requested font "[RobotoCondensed-Regular.otf]/OT:script=latn;language=dflt;" at
 10.95003pt
 -> /usr/local/texlive/2022/texmf-dist/fonts/opentype/google/roboto/RobotoConde
nsed-Regular.otf
Requested font "[RobotoCondensed-Bold.otf]/OT:script=latn;language=dflt;" at 10
.95003pt
 -> /usr/local/texlive/2022/texmf-dist/fonts/opentype/google/roboto/RobotoConde
nsed-Bold.otf
Requested font "[RobotoCondensed-Italic.otf]/OT:script=latn;language=dflt;" at 
10.95003pt
 -> /usr/local/texlive/2022/texmf-dist/fonts/opentype/google/roboto/RobotoConde
nsed-Italic.otf
Requested font "[RobotoCondensed-BoldItalic.otf]/OT:script=latn;language=dflt;"
 at 10.95003pt
 -> /usr/local/texlive/2022/texmf-dist/fonts/opentype/google/roboto/RobotoConde
nsed-BoldItalic.otf
Requested font "[RobotoCondensed-Bold.otf]/OT" at 10.94997pt
 -> /usr/local/texlive/2022/texmf-dist/fonts/opentype/google/roboto/RobotoConde
nsed-Bold.otf
Requested font "[RobotoCondensed-Bold.otf]/OT" at 10.95003pt
 -> /usr/local/texlive/2022/texmf-dist/fonts/opentype/google/roboto/RobotoConde
nsed-Bold.otf
Requested font "[RobotoSlab-Regular.otf]/OT" at 10.94997pt
 -> /usr/local/texlive/2022/texmf-dist/fonts/opentype/google/roboto/RobotoSlab-
Regular.otf
Requested font "[RobotoSlab-Regular.otf]/OT" at 10.95003pt
 -> /usr/local/texlive/2022/texmf-dist/fonts/opentype/google/roboto/RobotoSlab-
Regular.otf
Requested font "[RobotoSlab-Regular.otf]/OT:script=DFLT;language=dflt;" at 10.9
5003pt
 -> /usr/local/texlive/2022/texmf-dist/fonts/opentype/google/roboto/RobotoSlab-
Regular.otf
Requested font "[RobotoSlab-Bold.otf]/OT:script=DFLT;language=dflt;" at 10.9500
3pt
 -> /usr/local/texlive/2022/texmf-dist/fonts/opentype/google/roboto/RobotoSlab-
Bold.otf
Requested font "[Roboto-Medium.otf]/OT" at 10.94997pt
 -> /usr/local/texlive/2022/texmf-dist/fonts/opentype/google/roboto/Roboto-Medi
um.otf
Requested font "[Roboto-Medium.otf]/OT" at 10.95003pt
 -> /usr/local/texlive/2022/texmf-dist/fonts/opentype/google/roboto/Roboto-Medi
um.otf
Requested font "[Roboto-Medium.otf]/OT:script=latn;language=dflt;" at 10.95003p
t
 -> /usr/local/texlive/2022/texmf-dist/fonts/opentype/google/roboto/Roboto-Medi
um.otf
Requested font "[Roboto-MediumItalic.otf]/OT:script=latn;language=dflt;" at 10.
95003pt
 -> /usr/local/texlive/2022/texmf-dist/fonts/opentype/google/roboto/Roboto-Medi
umItalic.otf
Requested font "[Roboto-Thin.otf]/OT" at 10.94997pt
 -> /usr/local/texlive/2022/texmf-dist/fonts/opentype/google/roboto/Roboto-Thin
.otf
Requested font "[Roboto-Thin.otf]/OT" at 10.95003pt
 -> /usr/local/texlive/2022/texmf-dist/fonts/opentype/google/roboto/Roboto-Thin
.otf
Requested font "[Roboto-Thin.otf]/OT:script=latn;language=dflt;" at 10.95003pt
 -> /usr/local/texlive/2022/texmf-dist/fonts/opentype/google/roboto/Roboto-Thin
.otf
Requested font "[Roboto-ThinItalic.otf]/OT:script=latn;language=dflt;" at 10.95
003pt
 -> /usr/local/texlive/2022/texmf-dist/fonts/opentype/google/roboto/Roboto-Thin
Italic.otf
Requested font "[Roboto-Light.otf]/OT" at 10.94997pt
 -> /usr/local/texlive/2022/texmf-dist/fonts/opentype/google/roboto/Roboto-Ligh
t.otf
Requested font "[Roboto-Light.otf]/OT" at 10.95003pt
 -> /usr/local/texlive/2022/texmf-dist/fonts/opentype/google/roboto/Roboto-Ligh
t.otf
Requested font "[Roboto-Light.otf]/OT:script=latn;language=dflt;" at 10.95003pt
 -> /usr/local/texlive/2022/texmf-dist/fonts/opentype/google/roboto/Roboto-Ligh
t.otf
Requested font "[Roboto-LightItalic.otf]/OT:script=latn;language=dflt;" at 10.9
5003pt
 -> /usr/local/texlive/2022/texmf-dist/fonts/opentype/google/roboto/Roboto-Ligh
tItalic.otf
Requested font "[Roboto-Bold.otf]/OT" at 10.94997pt
 -> /usr/local/texlive/2022/texmf-dist/fonts/opentype/google/roboto/Roboto-Bold
.otf
Requested font "[Roboto-Bold.otf]/OT" at 10.95003pt
 -> /usr/local/texlive/2022/texmf-dist/fonts/opentype/google/roboto/Roboto-Bold
.otf
Requested font "[Roboto-Black.otf]/OT" at 10.94997pt
 -> /usr/local/texlive/2022/texmf-dist/fonts/opentype/google/roboto/Roboto-Blac
k.otf
Requested font "[Roboto-Black.otf]/OT" at 10.95003pt
 -> /usr/local/texlive/2022/texmf-dist/fonts/opentype/google/roboto/Roboto-Blac
k.otf
Requested font "[Roboto-Black.otf]/OT:script=latn;language=dflt;" at 10.95003pt
 -> /usr/local/texlive/2022/texmf-dist/fonts/opentype/google/roboto/Roboto-Blac
k.otf
Requested font "[Roboto-BlackItalic.otf]/OT:script=latn;language=dflt;" at 10.9
5003pt
 -> /usr/local/texlive/2022/texmf-dist/fonts/opentype/google/roboto/Roboto-Blac
kItalic.otf
)
(/usr/local/texlive/2022/texmf-dist/tex/latex/sourcesanspro/sourcesanspro.sty
Package: sourcesanspro 2018/05/19 v2.7 Adobe's Source Sans Pro typeface
Requested font "[SourceSansPro-Regular.otf]/OT" at 10.94997pt
 -> /usr/local/texlive/2022/texmf-dist/fonts/opentype/adobe/sourcesanspro/Sourc
eSansPro-Regular.otf
Requested font "[SourceSansPro-Regular.otf]/OT" at 10.95003pt
 -> /usr/local/texlive/2022/texmf-dist/fonts/opentype/adobe/sourcesanspro/Sourc
eSansPro-Regular.otf
Requested font "[SourceSansPro-Regular.otf]/OT:script=latn;language=dflt;" at 1
0.95003pt
 -> /usr/local/texlive/2022/texmf-dist/fonts/opentype/adobe/sourcesanspro/Sourc
eSansPro-Regular.otf
Requested font "[SourceSansPro-Bold.otf]/OT:script=latn;language=dflt;" at 10.9
5003pt
 -> /usr/local/texlive/2022/texmf-dist/fonts/opentype/adobe/sourcesanspro/Sourc
eSansPro-Bold.otf
Requested font "[SourceSansPro-RegularIt.otf]/OT:script=latn;language=dflt;" at
 10.95003pt
 -> /usr/local/texlive/2022/texmf-dist/fonts/opentype/adobe/sourcesanspro/Sourc
eSansPro-RegularIt.otf
Requested font "[SourceSansPro-BoldIt.otf]/OT:script=latn;language=dflt;" at 10
.95003pt
 -> /usr/local/texlive/2022/texmf-dist/fonts/opentype/adobe/sourcesanspro/Sourc
eSansPro-BoldIt.otf
Requested font "[SourceSansPro-Light.otf]/OT" at 10.94997pt
 -> /usr/local/texlive/2022/texmf-dist/fonts/opentype/adobe/sourcesanspro/Sourc
eSansPro-Light.otf
Requested font "[SourceSansPro-Light.otf]/OT" at 10.95003pt
 -> /usr/local/texlive/2022/texmf-dist/fonts/opentype/adobe/sourcesanspro/Sourc
eSansPro-Light.otf
Requested font "[SourceSansPro-Light.otf]/OT:script=latn;language=dflt;" at 10.
95003pt
 -> /usr/local/texlive/2022/texmf-dist/fonts/opentype/adobe/sourcesanspro/Sourc
eSansPro-Light.otf
Requested font "[SourceSansPro-Semibold.otf]/OT:script=latn;language=dflt;" at 
10.95003pt
 -> /usr/local/texlive/2022/texmf-dist/fonts/opentype/adobe/sourcesanspro/Sourc
eSansPro-Semibold.otf
Requested font "[SourceSansPro-LightIt.otf]/OT:script=latn;language=dflt;" at 1
0.95003pt
 -> /usr/local/texlive/2022/texmf-dist/fonts/opentype/adobe/sourcesanspro/Sourc
eSansPro-LightIt.otf
Requested font "[SourceSansPro-SemiboldIt.otf]/OT:script=latn;language=dflt;" a
t 10.95003pt
 -> /usr/local/texlive/2022/texmf-dist/fonts/opentype/adobe/sourcesanspro/Sourc
eSansPro-SemiboldIt.otf
Requested font "[SourceSansPro-ExtraLight.otf]/OT" at 10.94997pt
 -> /usr/local/texlive/2022/texmf-dist/fonts/opentype/adobe/sourcesanspro/Sourc
eSansPro-ExtraLight.otf
Requested font "[SourceSansPro-ExtraLight.otf]/OT" at 10.95003pt
 -> /usr/local/texlive/2022/texmf-dist/fonts/opentype/adobe/sourcesanspro/Sourc
eSansPro-ExtraLight.otf
Requested font "[SourceSansPro-ExtraLight.otf]/OT:script=latn;language=dflt;" a
t 10.95003pt
 -> /usr/local/texlive/2022/texmf-dist/fonts/opentype/adobe/sourcesanspro/Sourc
eSansPro-ExtraLight.otf
Requested font "[SourceSansPro-Black.otf]/OT:script=latn;language=dflt;" at 10.
95003pt
 -> /usr/local/texlive/2022/texmf-dist/fonts/opentype/adobe/sourcesanspro/Sourc
eSansPro-Black.otf
Requested font "[SourceSansPro-ExtraLightIt.otf]/OT:script=latn;language=dflt;"
 at 10.95003pt
 -> /usr/local/texlive/2022/texmf-dist/fonts/opentype/adobe/sourcesanspro/Sourc
eSansPro-ExtraLightIt.otf
Requested font "[SourceSansPro-BlackIt.otf]/OT:script=latn;language=dflt;" at 1
0.95003pt
 -> /usr/local/texlive/2022/texmf-dist/fonts/opentype/adobe/sourcesanspro/Sourc
eSansPro-BlackIt.otf
)
(/usr/local/texlive/2022/texmf-dist/tex/latex/tcolorbox/tcolorbox.sty
Package: tcolorbox 2022/06/24 version 5.1.1 text color boxes

(/usr/local/texlive/2022/texmf-dist/tex/latex/pgf/basiclayer/pgf.sty
(/usr/local/texlive/2022/texmf-dist/tex/latex/pgf/utilities/pgfrcs.sty
(/usr/local/texlive/2022/texmf-dist/tex/generic/pgf/utilities/pgfutil-common.te
x
\pgfutil@everybye=\toks28
\pgfutil@tempdima=\dimen164
\pgfutil@tempdimb=\dimen165

(/usr/local/texlive/2022/texmf-dist/tex/generic/pgf/utilities/pgfutil-common-li
sts.tex))
(/usr/local/texlive/2022/texmf-dist/tex/generic/pgf/utilities/pgfutil-latex.def
\pgfutil@abb=\box57
) (/usr/local/texlive/2022/texmf-dist/tex/generic/pgf/utilities/pgfrcs.code.tex
(/usr/local/texlive/2022/texmf-dist/tex/generic/pgf/pgf.revision.tex)
Package: pgfrcs 2021/05/15 v3.1.9a (3.1.9a)
))
Package: pgf 2021/05/15 v3.1.9a (3.1.9a)

(/usr/local/texlive/2022/texmf-dist/tex/latex/pgf/basiclayer/pgfcore.sty
(/usr/local/texlive/2022/texmf-dist/tex/latex/graphics/graphicx.sty
Package: graphicx 2021/09/16 v1.2d Enhanced LaTeX Graphics (DPC,SPQR)

(/usr/local/texlive/2022/texmf-dist/tex/latex/graphics/graphics.sty
Package: graphics 2022/03/10 v1.4e Standard LaTeX Graphics (DPC,SPQR)

(/usr/local/texlive/2022/texmf-dist/tex/latex/graphics/trig.sty
Package: trig 2021/08/11 v1.11 sin cos tan (DPC)
)
(/usr/local/texlive/2022/texmf-dist/tex/latex/graphics-cfg/graphics.cfg
File: graphics.cfg 2016/06/04 v1.11 sample graphics configuration
)
Package graphics Info: Driver file: xetex.def on input line 107.
)
\Gin@req@height=\dimen166
\Gin@req@width=\dimen167
)
(/usr/local/texlive/2022/texmf-dist/tex/latex/pgf/systemlayer/pgfsys.sty
(/usr/local/texlive/2022/texmf-dist/tex/generic/pgf/systemlayer/pgfsys.code.tex
Package: pgfsys 2021/05/15 v3.1.9a (3.1.9a)
(/usr/local/texlive/2022/texmf-dist/tex/generic/pgf/utilities/pgfkeys.code.tex
\pgfkeys@pathtoks=\toks29
\pgfkeys@temptoks=\toks30

(/usr/local/texlive/2022/texmf-dist/tex/generic/pgf/utilities/pgfkeysfiltered.c
ode.tex
\pgfkeys@tmptoks=\toks31
))
\pgf@x=\dimen168
\pgf@y=\dimen169
\pgf@xa=\dimen170
\pgf@ya=\dimen171
\pgf@xb=\dimen172
\pgf@yb=\dimen173
\pgf@xc=\dimen174
\pgf@yc=\dimen175
\pgf@xd=\dimen176
\pgf@yd=\dimen177
\w@pgf@writea=\write3
\r@pgf@reada=\read2
\c@pgf@counta=\count295
\c@pgf@countb=\count296
\c@pgf@countc=\count297
\c@pgf@countd=\count298
\t@pgf@toka=\toks32
\t@pgf@tokb=\toks33
\t@pgf@tokc=\toks34
\pgf@sys@id@count=\count299

(/usr/local/texlive/2022/texmf-dist/tex/generic/pgf/systemlayer/pgf.cfg
File: pgf.cfg 2021/05/15 v3.1.9a (3.1.9a)
)
Driver file for pgf: pgfsys-xetex.def

(/usr/local/texlive/2022/texmf-dist/tex/generic/pgf/systemlayer/pgfsys-xetex.de
f
File: pgfsys-xetex.def 2021/05/15 v3.1.9a (3.1.9a)

(/usr/local/texlive/2022/texmf-dist/tex/generic/pgf/systemlayer/pgfsys-dvipdfmx
.def
File: pgfsys-dvipdfmx.def 2021/05/15 v3.1.9a (3.1.9a)

(/usr/local/texlive/2022/texmf-dist/tex/generic/pgf/systemlayer/pgfsys-common-p
df.def
File: pgfsys-common-pdf.def 2021/05/15 v3.1.9a (3.1.9a)
)
\pgfsys@objnum=\count300
)))
(/usr/local/texlive/2022/texmf-dist/tex/generic/pgf/systemlayer/pgfsyssoftpath.
code.tex
File: pgfsyssoftpath.code.tex 2021/05/15 v3.1.9a (3.1.9a)
\pgfsyssoftpath@smallbuffer@items=\count301
\pgfsyssoftpath@bigbuffer@items=\count302
)
(/usr/local/texlive/2022/texmf-dist/tex/generic/pgf/systemlayer/pgfsysprotocol.
code.tex
File: pgfsysprotocol.code.tex 2021/05/15 v3.1.9a (3.1.9a)
))
(/usr/local/texlive/2022/texmf-dist/tex/generic/pgf/basiclayer/pgfcore.code.tex
Package: pgfcore 2021/05/15 v3.1.9a (3.1.9a)
(/usr/local/texlive/2022/texmf-dist/tex/generic/pgf/math/pgfmath.code.tex
(/usr/local/texlive/2022/texmf-dist/tex/generic/pgf/math/pgfmathcalc.code.tex
(/usr/local/texlive/2022/texmf-dist/tex/generic/pgf/math/pgfmathutil.code.tex)
(/usr/local/texlive/2022/texmf-dist/tex/generic/pgf/math/pgfmathparser.code.tex
\pgfmath@dimen=\dimen178
\pgfmath@count=\count303
\pgfmath@box=\box58
\pgfmath@toks=\toks35
\pgfmath@stack@operand=\toks36
\pgfmath@stack@operation=\toks37
)
(/usr/local/texlive/2022/texmf-dist/tex/generic/pgf/math/pgfmathfunctions.code.
tex
(/usr/local/texlive/2022/texmf-dist/tex/generic/pgf/math/pgfmathfunctions.basic
.code.tex)
(/usr/local/texlive/2022/texmf-dist/tex/generic/pgf/math/pgfmathfunctions.trigo
nometric.code.tex)
(/usr/local/texlive/2022/texmf-dist/tex/generic/pgf/math/pgfmathfunctions.rando
m.code.tex)
(/usr/local/texlive/2022/texmf-dist/tex/generic/pgf/math/pgfmathfunctions.compa
rison.code.tex)
(/usr/local/texlive/2022/texmf-dist/tex/generic/pgf/math/pgfmathfunctions.base.
code.tex)
(/usr/local/texlive/2022/texmf-dist/tex/generic/pgf/math/pgfmathfunctions.round
.code.tex)
(/usr/local/texlive/2022/texmf-dist/tex/generic/pgf/math/pgfmathfunctions.misc.
code.tex)
(/usr/local/texlive/2022/texmf-dist/tex/generic/pgf/math/pgfmathfunctions.integ
erarithmetics.code.tex)))
(/usr/local/texlive/2022/texmf-dist/tex/generic/pgf/math/pgfmathfloat.code.tex
\c@pgfmathroundto@lastzeros=\count304
)) (/usr/local/texlive/2022/texmf-dist/tex/generic/pgf/math/pgfint.code.tex)
(/usr/local/texlive/2022/texmf-dist/tex/generic/pgf/basiclayer/pgfcorepoints.co
de.tex
File: pgfcorepoints.code.tex 2021/05/15 v3.1.9a (3.1.9a)
\pgf@picminx=\dimen179
\pgf@picmaxx=\dimen180
\pgf@picminy=\dimen181
\pgf@picmaxy=\dimen182
\pgf@pathminx=\dimen183
\pgf@pathmaxx=\dimen184
\pgf@pathminy=\dimen185
\pgf@pathmaxy=\dimen186
\pgf@xx=\dimen187
\pgf@xy=\dimen188
\pgf@yx=\dimen189
\pgf@yy=\dimen190
\pgf@zx=\dimen191
\pgf@zy=\dimen192
)
(/usr/local/texlive/2022/texmf-dist/tex/generic/pgf/basiclayer/pgfcorepathconst
ruct.code.tex
File: pgfcorepathconstruct.code.tex 2021/05/15 v3.1.9a (3.1.9a)
\pgf@path@lastx=\dimen193
\pgf@path@lasty=\dimen194
)
(/usr/local/texlive/2022/texmf-dist/tex/generic/pgf/basiclayer/pgfcorepathusage
.code.tex
File: pgfcorepathusage.code.tex 2021/05/15 v3.1.9a (3.1.9a)
\pgf@shorten@end@additional=\dimen195
\pgf@shorten@start@additional=\dimen196
)
(/usr/local/texlive/2022/texmf-dist/tex/generic/pgf/basiclayer/pgfcorescopes.co
de.tex
File: pgfcorescopes.code.tex 2021/05/15 v3.1.9a (3.1.9a)
\pgfpic=\box59
\pgf@hbox=\box60
\pgf@layerbox@main=\box61
\pgf@picture@serial@count=\count305
)
(/usr/local/texlive/2022/texmf-dist/tex/generic/pgf/basiclayer/pgfcoregraphicst
ate.code.tex
File: pgfcoregraphicstate.code.tex 2021/05/15 v3.1.9a (3.1.9a)
\pgflinewidth=\dimen197
)
(/usr/local/texlive/2022/texmf-dist/tex/generic/pgf/basiclayer/pgfcoretransform
ations.code.tex
File: pgfcoretransformations.code.tex 2021/05/15 v3.1.9a (3.1.9a)
\pgf@pt@x=\dimen198
\pgf@pt@y=\dimen199
\pgf@pt@temp=\dimen256
)
(/usr/local/texlive/2022/texmf-dist/tex/generic/pgf/basiclayer/pgfcorequick.cod
e.tex
File: pgfcorequick.code.tex 2021/05/15 v3.1.9a (3.1.9a)
)
(/usr/local/texlive/2022/texmf-dist/tex/generic/pgf/basiclayer/pgfcoreobjects.c
ode.tex
File: pgfcoreobjects.code.tex 2021/05/15 v3.1.9a (3.1.9a)
)
(/usr/local/texlive/2022/texmf-dist/tex/generic/pgf/basiclayer/pgfcorepathproce
ssing.code.tex
File: pgfcorepathprocessing.code.tex 2021/05/15 v3.1.9a (3.1.9a)
)
(/usr/local/texlive/2022/texmf-dist/tex/generic/pgf/basiclayer/pgfcorearrows.co
de.tex
File: pgfcorearrows.code.tex 2021/05/15 v3.1.9a (3.1.9a)
\pgfarrowsep=\dimen257
)
(/usr/local/texlive/2022/texmf-dist/tex/generic/pgf/basiclayer/pgfcoreshade.cod
e.tex
File: pgfcoreshade.code.tex 2021/05/15 v3.1.9a (3.1.9a)
\pgf@max=\dimen258
\pgf@sys@shading@range@num=\count306
\pgf@shadingcount=\count307
)
(/usr/local/texlive/2022/texmf-dist/tex/generic/pgf/basiclayer/pgfcoreimage.cod
e.tex
File: pgfcoreimage.code.tex 2021/05/15 v3.1.9a (3.1.9a)

(/usr/local/texlive/2022/texmf-dist/tex/generic/pgf/basiclayer/pgfcoreexternal.
code.tex
File: pgfcoreexternal.code.tex 2021/05/15 v3.1.9a (3.1.9a)
\pgfexternal@startupbox=\box62
))
(/usr/local/texlive/2022/texmf-dist/tex/generic/pgf/basiclayer/pgfcorelayers.co
de.tex
File: pgfcorelayers.code.tex 2021/05/15 v3.1.9a (3.1.9a)
)
(/usr/local/texlive/2022/texmf-dist/tex/generic/pgf/basiclayer/pgfcoretranspare
ncy.code.tex
File: pgfcoretransparency.code.tex 2021/05/15 v3.1.9a (3.1.9a)
)
(/usr/local/texlive/2022/texmf-dist/tex/generic/pgf/basiclayer/pgfcorepatterns.
code.tex
File: pgfcorepatterns.code.tex 2021/05/15 v3.1.9a (3.1.9a)
)
(/usr/local/texlive/2022/texmf-dist/tex/generic/pgf/basiclayer/pgfcorerdf.code.
tex
File: pgfcorerdf.code.tex 2021/05/15 v3.1.9a (3.1.9a)
)))
(/usr/local/texlive/2022/texmf-dist/tex/generic/pgf/modules/pgfmoduleshapes.cod
e.tex
File: pgfmoduleshapes.code.tex 2021/05/15 v3.1.9a (3.1.9a)
\pgfnodeparttextbox=\box63
)
(/usr/local/texlive/2022/texmf-dist/tex/generic/pgf/modules/pgfmoduleplot.code.
tex
File: pgfmoduleplot.code.tex 2021/05/15 v3.1.9a (3.1.9a)
)
(/usr/local/texlive/2022/texmf-dist/tex/latex/pgf/compatibility/pgfcomp-version
-0-65.sty
Package: pgfcomp-version-0-65 2021/05/15 v3.1.9a (3.1.9a)
\pgf@nodesepstart=\dimen259
\pgf@nodesepend=\dimen260
)
(/usr/local/texlive/2022/texmf-dist/tex/latex/pgf/compatibility/pgfcomp-version
-1-18.sty
Package: pgfcomp-version-1-18 2021/05/15 v3.1.9a (3.1.9a)
)) (/usr/local/texlive/2022/texmf-dist/tex/latex/tools/verbatim.sty
Package: verbatim 2020-07-07 v1.5u LaTeX2e package for verbatim enhancements
\every@verbatim=\toks38
\verbatim@line=\toks39
\verbatim@in@stream=\read3
)
(/usr/local/texlive/2022/texmf-dist/tex/latex/environ/environ.sty
Package: environ 2014/05/04 v0.3 A new way to define environments

(/usr/local/texlive/2022/texmf-dist/tex/latex/trimspaces/trimspaces.sty
Package: trimspaces 2009/09/17 v1.1 Trim spaces around a token list
))
\tcb@titlebox=\box64
\tcb@upperbox=\box65
\tcb@lowerbox=\box66
\tcb@phantombox=\box67
\c@tcbbreakpart=\count308
\c@tcblayer=\count309
\c@tcolorbox@number=\count310
\tcb@temp=\box68
\tcb@temp=\box69
\tcb@temp=\box70
\tcb@temp=\box71

(/usr/local/texlive/2022/texmf-dist/tex/latex/tcolorbox/tcbskins.code.tex
Library (tcolorbox): 'tcbskins.code.tex' version '5.1.1'
(/usr/local/texlive/2022/texmf-dist/tex/latex/pgf/frontendlayer/tikz.sty
(/usr/local/texlive/2022/texmf-dist/tex/latex/pgf/utilities/pgffor.sty
(/usr/local/texlive/2022/texmf-dist/tex/latex/pgf/utilities/pgfkeys.sty
(/usr/local/texlive/2022/texmf-dist/tex/generic/pgf/utilities/pgfkeys.code.tex)
) (/usr/local/texlive/2022/texmf-dist/tex/latex/pgf/math/pgfmath.sty
(/usr/local/texlive/2022/texmf-dist/tex/generic/pgf/math/pgfmath.code.tex))
(/usr/local/texlive/2022/texmf-dist/tex/generic/pgf/utilities/pgffor.code.tex
Package: pgffor 2021/05/15 v3.1.9a (3.1.9a)

(/usr/local/texlive/2022/texmf-dist/tex/generic/pgf/math/pgfmath.code.tex)
\pgffor@iter=\dimen261
\pgffor@skip=\dimen262
\pgffor@stack=\toks40
\pgffor@toks=\toks41
))
(/usr/local/texlive/2022/texmf-dist/tex/generic/pgf/frontendlayer/tikz/tikz.cod
e.tex
Package: tikz 2021/05/15 v3.1.9a (3.1.9a)

(/usr/local/texlive/2022/texmf-dist/tex/generic/pgf/libraries/pgflibraryplothan
dlers.code.tex
File: pgflibraryplothandlers.code.tex 2021/05/15 v3.1.9a (3.1.9a)
\pgf@plot@mark@count=\count311
\pgfplotmarksize=\dimen263
)
\tikz@lastx=\dimen264
\tikz@lasty=\dimen265
\tikz@lastxsaved=\dimen266
\tikz@lastysaved=\dimen267
\tikz@lastmovetox=\dimen268
\tikz@lastmovetoy=\dimen269
\tikzleveldistance=\dimen270
\tikzsiblingdistance=\dimen271
\tikz@figbox=\box72
\tikz@figbox@bg=\box73
\tikz@tempbox=\box74
\tikz@tempbox@bg=\box75
\tikztreelevel=\count312
\tikznumberofchildren=\count313
\tikznumberofcurrentchild=\count314
\tikz@fig@count=\count315

(/usr/local/texlive/2022/texmf-dist/tex/generic/pgf/modules/pgfmodulematrix.cod
e.tex
File: pgfmodulematrix.code.tex 2021/05/15 v3.1.9a (3.1.9a)
\pgfmatrixcurrentrow=\count316
\pgfmatrixcurrentcolumn=\count317
\pgf@matrix@numberofcolumns=\count318
)
\tikz@expandcount=\count319

(/usr/local/texlive/2022/texmf-dist/tex/generic/pgf/frontendlayer/tikz/librarie
s/tikzlibrarytopaths.code.tex
File: tikzlibrarytopaths.code.tex 2021/05/15 v3.1.9a (3.1.9a)
)))
\tcb@waterbox=\box76

(/usr/local/texlive/2022/texmf-dist/tex/latex/tcolorbox/tcbskinsjigsaw.code.tex
Library (tcolorbox): 'tcbskinsjigsaw.code.tex' version '5.1.1'
))) (/usr/local/texlive/2022/texmf-dist/tex/latex/parskip/parskip.sty
Package: parskip 2021-03-14 v2.0h non-zero parskip adjustments

(/usr/local/texlive/2022/texmf-dist/tex/latex/kvoptions/kvoptions.sty
Package: kvoptions 2022-06-15 v3.15 Key value format for package options (HO)

(/usr/local/texlive/2022/texmf-dist/tex/generic/ltxcmds/ltxcmds.sty
Package: ltxcmds 2020-05-10 v1.25 LaTeX kernel commands for general use (HO)
)
(/usr/local/texlive/2022/texmf-dist/tex/generic/kvsetkeys/kvsetkeys.sty
Package: kvsetkeys 2019/12/15 v1.18 Key value parser (HO)
)))
(/usr/local/texlive/2022/texmf-dist/tex/latex/hyperref/hyperref.sty
Package: hyperref 2022-06-20 v7.00s Hypertext links for LaTeX

(/usr/local/texlive/2022/texmf-dist/tex/generic/pdftexcmds/pdftexcmds.sty
Package: pdftexcmds 2020-06-27 v0.33 Utility functions of pdfTeX for LuaTeX (HO
)

(/usr/local/texlive/2022/texmf-dist/tex/generic/infwarerr/infwarerr.sty
Package: infwarerr 2019/12/03 v1.5 Providing info/warning/error messages (HO)
)
Package pdftexcmds Info: \pdf@primitive is available.
Package pdftexcmds Info: \pdf@ifprimitive is available.
Package pdftexcmds Info: \pdfdraftmode not found.
)
(/usr/local/texlive/2022/texmf-dist/tex/generic/kvdefinekeys/kvdefinekeys.sty
Package: kvdefinekeys 2019-12-19 v1.6 Define keys (HO)
)
(/usr/local/texlive/2022/texmf-dist/tex/generic/pdfescape/pdfescape.sty
Package: pdfescape 2019/12/09 v1.15 Implements pdfTeX's escape features (HO)
)
(/usr/local/texlive/2022/texmf-dist/tex/latex/hycolor/hycolor.sty
Package: hycolor 2020-01-27 v1.10 Color options for hyperref/bookmark (HO)
)
(/usr/local/texlive/2022/texmf-dist/tex/latex/letltxmacro/letltxmacro.sty
Package: letltxmacro 2019/12/03 v1.6 Let assignment for LaTeX macros (HO)
)
(/usr/local/texlive/2022/texmf-dist/tex/latex/auxhook/auxhook.sty
Package: auxhook 2019-12-17 v1.6 Hooks for auxiliary files (HO)
)
(/usr/local/texlive/2022/texmf-dist/tex/latex/hyperref/nameref.sty
Package: nameref 2022-05-17 v2.50 Cross-referencing by name of section

(/usr/local/texlive/2022/texmf-dist/tex/latex/refcount/refcount.sty
Package: refcount 2019/12/15 v3.6 Data extraction from label references (HO)
)
(/usr/local/texlive/2022/texmf-dist/tex/generic/gettitlestring/gettitlestring.s
ty
Package: gettitlestring 2019/12/15 v1.6 Cleanup title references (HO)
)
\c@section@level=\count320
)
\@linkdim=\dimen272
\Hy@linkcounter=\count321
\Hy@pagecounter=\count322
 (/usr/local/texlive/2022/texmf-dist/tex/latex/hyperref/pd1enc.def
File: pd1enc.def 2022-06-20 v7.00s Hyperref: PDFDocEncoding definition (HO)
)
(/usr/local/texlive/2022/texmf-dist/tex/generic/intcalc/intcalc.sty
Package: intcalc 2019/12/15 v1.3 Expandable calculations with integers (HO)
)
(/usr/local/texlive/2022/texmf-dist/tex/generic/etexcmds/etexcmds.sty
Package: etexcmds 2019/12/15 v1.7 Avoid name clashes with e-TeX commands (HO)
)
\Hy@SavedSpaceFactor=\count323

(/usr/local/texlive/2022/texmf-dist/tex/latex/hyperref/puenc.def
File: puenc.def 2022-06-20 v7.00s Hyperref: PDF Unicode definition (HO)
)
Package hyperref Info: Option `unicode' set `true' on input line 4045.
Package hyperref Info: Option `pdfpagelabels' set `false' on input line 4045.
Package hyperref Info: Hyper figures OFF on input line 4162.
Package hyperref Info: Link nesting OFF on input line 4167.
Package hyperref Info: Hyper index ON on input line 4170.
Package hyperref Info: Plain pages OFF on input line 4177.
Package hyperref Info: Backreferencing OFF on input line 4182.
Package hyperref Info: Implicit mode ON; LaTeX internals redefined.
Package hyperref Info: Bookmarks ON on input line 4408.
\c@Hy@tempcnt=\count324

(/usr/local/texlive/2022/texmf-dist/tex/latex/url/url.sty
\Urlmuskip=\muskip18
Package: url 2013/09/16  ver 3.4  Verb mode for urls, etc.
)
LaTeX Info: Redefining \url on input line 4746.
\XeTeXLinkMargin=\dimen273
Requested font "pzdr" at 0.00002pt
 -> /usr/local/texlive/2022/texmf-dist/fonts/tfm/adobe/zapfding/pzdr.tfm

(/usr/local/texlive/2022/texmf-dist/tex/generic/bitset/bitset.sty
Package: bitset 2019/12/09 v1.3 Handle bit-vector datatype (HO)

(/usr/local/texlive/2022/texmf-dist/tex/generic/bigintcalc/bigintcalc.sty
Package: bigintcalc 2019/12/15 v1.5 Expandable calculations on big integers (HO
)
))
\Fld@menulength=\count325
\Field@Width=\dimen274
\Fld@charsize=\dimen275
Package hyperref Info: Hyper figures OFF on input line 6024.
Package hyperref Info: Link nesting OFF on input line 6029.
Package hyperref Info: Hyper index ON on input line 6032.
Package hyperref Info: backreferencing OFF on input line 6039.
Package hyperref Info: Link coloring OFF on input line 6044.
Package hyperref Info: Link coloring with OCG OFF on input line 6049.
Package hyperref Info: PDF/A mode OFF on input line 6054.

(/usr/local/texlive/2022/texmf-dist/tex/latex/base/atbegshi-ltx.sty
Package: atbegshi-ltx 2021/01/10 v1.0c Emulation of the original atbegshi
package with kernel methods
)
\c@Item=\count326
\c@Hfootnote=\count327
)
Package hyperref Info: Driver (autodetected): hxetex.

(/usr/local/texlive/2022/texmf-dist/tex/latex/hyperref/hxetex.def
File: hxetex.def 2022-06-20 v7.00s Hyperref driver for XeTeX

(/usr/local/texlive/2022/texmf-dist/tex/generic/stringenc/stringenc.sty
Package: stringenc 2019/11/29 v1.12 Convert strings between diff. encodings (HO
)
)
\pdfm@box=\box77
\c@Hy@AnnotLevel=\count328
\HyField@AnnotCount=\count329
\Fld@listcount=\count330
\c@bookmark@seq@number=\count331

(/usr/local/texlive/2022/texmf-dist/tex/latex/rerunfilecheck/rerunfilecheck.sty
Package: rerunfilecheck 2022-07-10 v1.10 Rerun checks for auxiliary files (HO)
(/usr/local/texlive/2022/texmf-dist/tex/latex/base/atveryend-ltx.sty
Package: atveryend-ltx 2020/08/19 v1.0a Emulation of the original atveryend pac
kage
with kernel methods
)
(/usr/local/texlive/2022/texmf-dist/tex/generic/uniquecounter/uniquecounter.sty
Package: uniquecounter 2019/12/15 v1.4 Provide unlimited unique counter (HO)
)
Package uniquecounter Info: New unique counter `rerunfilecheck' on input line 2
85.
)
\Hy@SectionHShift=\skip81
) (/usr/local/texlive/2022/texmf-dist/tex/latex/bookmark/bookmark.sty
Package: bookmark 2020-11-06 v1.29 PDF bookmarks (HO)

(/usr/local/texlive/2022/texmf-dist/tex/latex/bookmark/bkm-dvipdfm.def
File: bkm-dvipdfm.def 2020-11-06 v1.29 bookmark driver for dvipdfm (HO)
\BKM@id=\count332
)))
LaTeX Font Info:    Font shape `TU/SourceSansPro(0)/m/n' will be
(Font)              scaled to size 10.95pt on input line 80.
Requested font "[SourceSansPro-Regular.otf]/OT:script=latn;language=dflt;mappin
g=tex-text;" at 10.95pt
 -> /usr/local/texlive/2022/texmf-dist/fonts/opentype/adobe/sourcesanspro/Sourc
eSansPro-Regular.otf

(./resume.aux)
\openout1 = `resume.aux'.

LaTeX Font Info:    Checking defaults for OML/cmm/m/it on input line 80.
LaTeX Font Info:    ... okay on input line 80.
LaTeX Font Info:    Checking defaults for OMS/cmsy/m/n on input line 80.
LaTeX Font Info:    ... okay on input line 80.
LaTeX Font Info:    Checking defaults for OT1/cmr/m/n on input line 80.
LaTeX Font Info:    ... okay on input line 80.
LaTeX Font Info:    Checking defaults for T1/cmr/m/n on input line 80.
LaTeX Font Info:    ... okay on input line 80.
LaTeX Font Info:    Checking defaults for TS1/cmr/m/n on input line 80.
LaTeX Font Info:    ... okay on input line 80.
LaTeX Font Info:    Checking defaults for TU/lmr/m/n on input line 80.
LaTeX Font Info:    ... okay on input line 80.
LaTeX Font Info:    Checking defaults for OMX/cmex/m/n on input line 80.
LaTeX Font Info:    ... okay on input line 80.
LaTeX Font Info:    Checking defaults for U/cmr/m/n on input line 80.
LaTeX Font Info:    ... okay on input line 80.
LaTeX Font Info:    Checking defaults for PD1/pdf/m/n on input line 80.
LaTeX Font Info:    ... okay on input line 80.
LaTeX Font Info:    Checking defaults for PU/pdf/m/n on input line 80.
LaTeX Font Info:    ... okay on input line 80.

*geometry* driver: auto-detecting
*geometry* detected driver: xetex
*geometry* verbose mode - [ preamble ] result:
* driver: xetex
* paper: a4paper
* layout: <same size as paper>
* layoutoffset:(h,v)=(0.0pt,0.0pt)
* modes: 
* h-part:(L,W,R)=(39.83368pt, 517.84052pt, 39.83368pt)
* v-part:(T,H,B)=(22.76228pt, 771.06952pt, 51.21504pt)
* \paperwidth=597.50787pt
* \paperheight=845.04684pt
* \textwidth=517.84052pt
* \textheight=771.06952pt
* \oddsidemargin=-32.43631pt
* \evensidemargin=-32.43631pt
* \topmargin=-86.5077pt
* \headheight=12.0pt
* \headsep=25.0pt
* \topskip=11.0pt
* \footskip=14.22636pt
* \marginparwidth=50.0pt
* \marginparsep=10.0pt
* \columnsep=10.0pt
* \skip\footins=10.0pt plus 4.0pt minus 2.0pt
* \hoffset=0.0pt
* \voffset=0.0pt
* \mag=1000
* \@twocolumnfalse
* \@twosidefalse
* \@mparswitchfalse
* \@reversemarginfalse
* (1in=72.27pt=25.4mm, 1cm=28.453pt)

LaTeX Font Info:    Overwriting math alphabet `\mathrm' in version `normal'
(Font)                  OT1/cmr/m/n --> TU/lmr/m/n on input line 80.
LaTeX Font Info:    Overwriting math alphabet `\mathit' in version `normal'
(Font)                  OT1/cmr/m/it --> TU/lmr/m/it on input line 80.
LaTeX Font Info:    Overwriting math alphabet `\mathbf' in version `normal'
(Font)                  OT1/cmr/bx/n --> TU/lmr/bx/n on input line 80.
LaTeX Font Info:    Overwriting math alphabet `\mathtt' in version `normal'
(Font)                  OT1/cmtt/m/n --> TU/lmtt/m/n on input line 80.
LaTeX Font Info:    Overwriting math alphabet `\mathtt' in version `bold'
(Font)                  OT1/cmtt/m/n --> TU/lmtt/bx/n on input line 80.
Requested font "[latinmodern-math.otf]/OT" at 10.94997pt
 -> /usr/local/texlive/2022/texmf-dist/fonts/opentype/public/lm-math/latinmoder
n-math.otf
Requested font "[latinmodern-math.otf]/OT" at 10.95003pt
 -> /usr/local/texlive/2022/texmf-dist/fonts/opentype/public/lm-math/latinmoder
n-math.otf
Requested font "[latinmodern-math.otf]/OT:script=math;language=dflt;" at 10.950
03pt
 -> /usr/local/texlive/2022/texmf-dist/fonts/opentype/public/lm-math/latinmoder
n-math.otf
Requested font "[latinmodern-math.otf]/OT:script=math;language=dflt;" at 10.95p
t
 -> /usr/local/texlive/2022/texmf-dist/fonts/opentype/public/lm-math/latinmoder
n-math.otf
LaTeX Font Info:    Encoding `OT1' has changed to `TU' for symbol font
(Font)              `operators' in the math version `normal' on input line 80.
LaTeX Font Info:    Overwriting symbol font `operators' in version `normal'
(Font)                  OT1/cmr/m/n --> TU/latinmodern-math.otf(1)/m/n on input
 line 80.
LaTeX Font Info:    Encoding `OT1' has changed to `TU' for symbol font
(Font)              `operators' in the math version `bold' on input line 80.
LaTeX Font Info:    Overwriting symbol font `operators' in version `bold'
(Font)                  OT1/cmr/bx/n --> TU/latinmodern-math.otf(1)/b/n on inpu
t line 80.
LaTeX Font Info:    Encoding `OMS' has changed to `TU' for symbol font
(Font)              `symbols' in the math version `normal' on input line 80.
LaTeX Font Info:    Overwriting symbol font `symbols' in version `normal'
(Font)                  OMS/cmsy/m/n --> TU/latinmodern-math.otf(2)/m/n on inpu
t line 80.
LaTeX Font Info:    Encoding `OMS' has changed to `TU' for symbol font
(Font)              `symbols' in the math version `bold' on input line 80.
LaTeX Font Info:    Overwriting symbol font `symbols' in version `bold'
(Font)                  OMS/cmsy/b/n --> TU/latinmodern-math.otf(2)/b/n on inpu
t line 80.
LaTeX Font Info:    Encoding `OMX' has changed to `TU' for symbol font
(Font)              `largesymbols' in the math version `normal' on input line 8
0.
LaTeX Font Info:    Overwriting symbol font `largesymbols' in version `normal'
(Font)                  OMX/cmex/m/n --> TU/latinmodern-math.otf(3)/m/n on inpu
t line 80.
LaTeX Font Info:    Encoding `OMX' has changed to `TU' for symbol font
(Font)              `largesymbols' in the math version `bold' on input line 80.

LaTeX Font Info:    Overwriting symbol font `largesymbols' in version `bold'
(Font)                  OMX/cmex/m/n --> TU/latinmodern-math.otf(3)/b/n on inpu
t line 80.
Package hyperref Info: Link coloring OFF on input line 80.
\headertextwidth=\skip82
\headerphotowidth=\skip83
Requested font "[latinmodern-math.otf]/OT:script=math;language=dflt;+ssty=0;" a
t 7.665pt
 -> /usr/local/texlive/2022/texmf-dist/fonts/opentype/public/lm-math/latinmoder
n-math.otf
Requested font "[latinmodern-math.otf]/OT:script=math;language=dflt;+ssty=1;" a
t 5.475pt
 -> /usr/local/texlive/2022/texmf-dist/fonts/opentype/public/lm-math/latinmoder
n-math.otf
Requested font "cmmi10" at 10.95pt
 -> /usr/local/texlive/2022/texmf-dist/fonts/tfm/public/cm/cmmi10.tfm
Requested font "cmmi7" at 7.665pt
 -> /usr/local/texlive/2022/texmf-dist/fonts/tfm/public/cm/cmmi7.tfm
Requested font "cmmi5" at 5.475pt
 -> /usr/local/texlive/2022/texmf-dist/fonts/tfm/public/cm/cmmi5.tfm
LaTeX Font Info:    Font shape `TU/latinmodern-math.otf(2)/m/n' will be
(Font)              scaled to size 10.95116pt on input line 84.
Requested font "[latinmodern-math.otf]/OT:script=math;language=dflt;" at 10.951
16pt
 -> /usr/local/texlive/2022/texmf-dist/fonts/opentype/public/lm-math/latinmoder
n-math.otf
LaTeX Font Info:    Font shape `TU/latinmodern-math.otf(2)/m/n' will be
(Font)              scaled to size 7.6658pt on input line 84.
Requested font "[latinmodern-math.otf]/OT:script=math;language=dflt;+ssty=0;" a
t 7.6658pt
 -> /usr/local/texlive/2022/texmf-dist/fonts/opentype/public/lm-math/latinmoder
n-math.otf
LaTeX Font Info:    Font shape `TU/latinmodern-math.otf(2)/m/n' will be
(Font)              scaled to size 5.47559pt on input line 84.
Requested font "[latinmodern-math.otf]/OT:script=math;language=dflt;+ssty=1;" a
t 5.47559pt
 -> /usr/local/texlive/2022/texmf-dist/fonts/opentype/public/lm-math/latinmoder
n-math.otf
LaTeX Font Info:    Font shape `TU/latinmodern-math.otf(3)/m/n' will be
(Font)              scaled to size 10.94882pt on input line 84.
Requested font "[latinmodern-math.otf]/OT:script=math;language=dflt;" at 10.948
82pt
 -> /usr/local/texlive/2022/texmf-dist/fonts/opentype/public/lm-math/latinmoder
n-math.otf
LaTeX Font Info:    Font shape `TU/latinmodern-math.otf(3)/m/n' will be
(Font)              scaled to size 7.66417pt on input line 84.
Requested font "[latinmodern-math.otf]/OT:script=math;language=dflt;+ssty=0;" a
t 7.66417pt
 -> /usr/local/texlive/2022/texmf-dist/fonts/opentype/public/lm-math/latinmoder
n-math.otf
LaTeX Font Info:    Font shape `TU/latinmodern-math.otf(3)/m/n' will be
(Font)              scaled to size 5.47441pt on input line 84.
Requested font "[latinmodern-math.otf]/OT:script=math;language=dflt;+ssty=1;" a
t 5.47441pt
 -> /usr/local/texlive/2022/texmf-dist/fonts/opentype/public/lm-math/latinmoder
n-math.otf
LaTeX Font Info:    Font shape `TU/Roboto(5)/m/n' will be
(Font)              scaled to size 32.0pt on input line 84.
Requested font "[Roboto-Light.otf]/OT:script=latn;language=dflt;+pnum;+lnum;map
ping=tex-text;" at 32.0pt
 -> /usr/local/texlive/2022/texmf-dist/fonts/opentype/google/roboto/Roboto-Ligh
t.otf
LaTeX Font Info:    Font shape `TU/Roboto(1)/m/n' will be
(Font)              scaled to size 32.0pt on input line 84.
Requested font "[Roboto-Regular.otf]/OT:script=latn;language=dflt;+pnum;+lnum;m
apping=tex-text;" at 32.0pt
 -> /usr/local/texlive/2022/texmf-dist/fonts/opentype/google/roboto/Roboto-Regu
lar.otf
LaTeX Font Info:    Font shape `TU/Roboto(1)/b/n' will be
(Font)              scaled to size 32.0pt on input line 84.
Requested font "[Roboto-Bold.otf]/OT:script=latn;language=dflt;+pnum;+lnum;mapp
ing=tex-text;" at 32.0pt
 -> /usr/local/texlive/2022/texmf-dist/fonts/opentype/google/roboto/Roboto-Bold
.otf
LaTeX Font Info:    Font shape `TU/Roboto(1)/m/n' will be
(Font)              scaled to size 8.0pt on input line 84.
Requested font "[Roboto-Regular.otf]/OT:script=latn;language=dflt;+pnum;+lnum;m
apping=tex-text;" at 8.0pt
 -> /usr/local/texlive/2022/texmf-dist/fonts/opentype/google/roboto/Roboto-Regu
lar.otf
LaTeX Font Info:    Font shape `TU/Roboto(1)/m/it' will be
(Font)              scaled to size 8.0pt on input line 84.
Requested font "[Roboto-Italic.otf]/OT:script=latn;language=dflt;+pnum;+lnum;ma
pping=tex-text;" at 8.0pt
 -> /usr/local/texlive/2022/texmf-dist/fonts/opentype/google/roboto/Roboto-Ital
ic.otf
LaTeX Font Info:    Font shape `TU/Roboto(1)/m/n' will be
(Font)              scaled to size 6.8pt on input line 84.
Requested font "[Roboto-Regular.otf]/OT:script=latn;language=dflt;+pnum;+lnum;m
apping=tex-text;" at 6.8pt
 -> /usr/local/texlive/2022/texmf-dist/fonts/opentype/google/roboto/Roboto-Regu
lar.otf
Requested font "[FontAwesome5Free-Solid-900.otf]:script=latn;" at 6.8pt
 -> /usr/local/texlive/2022/texmf-dist/fonts/opentype/public/fontawesome5/FontA
wesome5Free-Solid-900.otf

Overfull \hbox (1.46pt too wide) in paragraph at lines 84--85
[]$[]$ $[]$$[]$
 []


Underfull \hbox (badness 10000) in paragraph at lines 84--85

 []

(./resume/summary.tex
LaTeX Font Info:    Font shape `TU/SourceSansPro(1)/m/n' will be
(Font)              scaled to size 16.0pt on input line 4.
Requested font "[SourceSansPro-Regular.otf]/OT:script=latn;language=dflt;mappin
g=tex-text;" at 16.0pt
 -> /usr/local/texlive/2022/texmf-dist/fonts/opentype/adobe/sourcesanspro/Sourc
eSansPro-Regular.otf
LaTeX Font Info:    Font shape `TU/SourceSansPro(1)/b/n' will be
(Font)              scaled to size 16.0pt on input line 4.
Requested font "[SourceSansPro-Bold.otf]/OT:script=latn;language=dflt;mapping=t
ex-text;" at 16.0pt
 -> /usr/local/texlive/2022/texmf-dist/fonts/opentype/adobe/sourcesanspro/Sourc
eSansPro-Bold.otf
LaTeX Font Info:    Font shape `TU/SourceSansPro(2)/m/n' will be
(Font)              scaled to size 9.0pt on input line 10.
Requested font "[SourceSansPro-Light.otf]/OT:script=latn;language=dflt;mapping=
tex-text;" at 9.0pt
 -> /usr/local/texlive/2022/texmf-dist/fonts/opentype/adobe/sourcesanspro/Sourc
eSansPro-Light.otf
) (./resume/experience.tex
LaTeX Font Info:    Font shape `TU/SourceSansPro(1)/m/n' will be
(Font)              scaled to size 10.0pt on input line 24.
Requested font "[SourceSansPro-Regular.otf]/OT:script=latn;language=dflt;mappin
g=tex-text;" at 10.0pt
 -> /usr/local/texlive/2022/texmf-dist/fonts/opentype/adobe/sourcesanspro/Sourc
eSansPro-Regular.otf
LaTeX Font Info:    Font shape `TU/SourceSansPro(1)/b/n' will be
(Font)              scaled to size 10.0pt on input line 24.
Requested font "[SourceSansPro-Bold.otf]/OT:script=latn;language=dflt;mapping=t
ex-text;" at 10.0pt
 -> /usr/local/texlive/2022/texmf-dist/fonts/opentype/adobe/sourcesanspro/Sourc
eSansPro-Bold.otf
LaTeX Font Info:    Font shape `TU/SourceSansPro(2)/m/sl' in size <9> not avail
able
(Font)              Font shape `TU/SourceSansPro(2)/m/it' tried instead on inpu
t line 24.
LaTeX Font Info:    Font shape `TU/SourceSansPro(2)/m/it' will be
(Font)              scaled to size 9.0pt on input line 24.
Requested font "[SourceSansPro-LightIt.otf]/OT:script=latn;language=dflt;mappin
g=tex-text;" at 9.0pt
 -> /usr/local/texlive/2022/texmf-dist/fonts/opentype/adobe/sourcesanspro/Sourc
eSansPro-LightIt.otf
LaTeX Font Info:    Font shape `TU/SourceSansPro(1)/m/n' will be
(Font)              scaled to size 8.0pt on input line 24.
Requested font "[SourceSansPro-Regular.otf]/OT:script=latn;language=dflt;mappin
g=tex-text;" at 8.0pt
 -> /usr/local/texlive/2022/texmf-dist/fonts/opentype/adobe/sourcesanspro/Sourc
eSansPro-Regular.otf
LaTeX Font Info:    Font shape `TU/SourceSansPro(1)/m/sc' will be
(Font)              scaled to size 8.0pt on input line 24.
Requested font "[SourceSansPro-Regular.otf]/OT:script=latn;language=dflt;+smcp;
mapping=tex-text;" at 8.0pt
 -> /usr/local/texlive/2022/texmf-dist/fonts/opentype/adobe/sourcesanspro/Sourc
eSansPro-Regular.otf
LaTeX Font Info:    Font shape `TU/SourceSansPro(2)/m/n' will be
(Font)              scaled to size 8.0pt on input line 24.
Requested font "[SourceSansPro-Light.otf]/OT:script=latn;language=dflt;mapping=
tex-text;" at 8.0pt
 -> /usr/local/texlive/2022/texmf-dist/fonts/opentype/adobe/sourcesanspro/Sourc
eSansPro-Light.otf
LaTeX Font Info:    Font shape `TU/SourceSansPro(2)/m/sl' in size <8> not avail
able
(Font)              Font shape `TU/SourceSansPro(2)/m/it' tried instead on inpu
t line 24.
LaTeX Font Info:    Font shape `TU/SourceSansPro(2)/m/it' will be
(Font)              scaled to size 8.0pt on input line 24.
Requested font "[SourceSansPro-LightIt.otf]/OT:script=latn;language=dflt;mappin
g=tex-text;" at 8.0pt
 -> /usr/local/texlive/2022/texmf-dist/fonts/opentype/adobe/sourcesanspro/Sourc
eSansPro-LightIt.otf
) (./resume/education.tex)
[1

] (./resume.aux) ) 
Here is how much of TeX's memory you used:
 33228 strings out of 475748
 678954 string characters out of 5799184
 1177319 words of memory out of 5000000
 53836 multiletter control sequences out of 15000+600000
 472079 words of font info for 120 fonts, out of 8000000 for 9000
 1348 hyphenation exceptions out of 8191
 114i,11n,127p,564b,435s stack positions out of 10000i,1000n,20000p,200000b,200000s

Output written on resume.pdf (1 page).
